[debug] [2021-06-26T23:35:40.675Z] ----------------------------------------------------------------------
[debug] [2021-06-26T23:35:40.677Z] Command:       /Users/home/.nvm/versions/node/v15.11.0/bin/node /Users/home/.nvm/versions/node/v15.11.0/bin/firebase emulators:start --project=demo-friendlychat-android
[debug] [2021-06-26T23:35:40.678Z] CLI Version:   9.14.0
[debug] [2021-06-26T23:35:40.678Z] Platform:      darwin
[debug] [2021-06-26T23:35:40.678Z] Node Version:  v15.11.0
[debug] [2021-06-26T23:35:40.679Z] Time:          Sat Jun 26 2021 19:35:40 GMT-0400 (Eastern Daylight Time)
[debug] [2021-06-26T23:35:40.679Z] ----------------------------------------------------------------------
[debug] 
[debug] [2021-06-26T23:35:40.681Z] >>> [apiv2][query] GET https://firebase-public.firebaseio.com/cli.json [none]
[debug] [2021-06-26T23:35:40.719Z] > command requires scopes: ["email","openid","https://www.googleapis.com/auth/cloudplatformprojects.readonly","https://www.googleapis.com/auth/firebase","https://www.googleapis.com/auth/cloud-platform"]
[debug] [2021-06-26T23:35:40.719Z] > authorizing via signed-in user (salvatore.ardisi@gmail.com)
[info] i  emulators: Starting emulators: auth, database, storage {"metadata":{"emulator":{"name":"hub"},"message":"Starting emulators: auth, database, storage"}}
[info] i  emulators: Detected demo project ID "demo-friendlychat-android", emulated services will use a demo configuration and attempts to access non-emulated services for this project will fail. {"metadata":{"emulator":{"name":"hub"},"message":"Detected demo project ID \"demo-friendlychat-android\", emulated services will use a demo configuration and attempts to access non-emulated services for this project will fail."}}
[debug] [2021-06-26T23:35:40.733Z] [hub] writing locator at /var/folders/07/5z16513s1pz77tbnm1p77h500000gn/T/hub-demo-friendlychat-android.json
[debug] [2021-06-26T23:35:40.743Z] > refreshing access token with scopes: []
[debug] [2021-06-26T23:35:40.743Z] >>> HTTP REQUEST POST https://www.googleapis.com/oauth2/v3/token  
 <request body omitted>
[debug] [2021-06-26T23:35:40.916Z] <<< HTTP RESPONSE 200 {"pragma":"no-cache","date":"Sat, 26 Jun 2021 23:35:40 GMT","cache-control":"no-cache, no-store, max-age=0, must-revalidate","expires":"Mon, 01 Jan 1990 00:00:00 GMT","content-type":"application/json; charset=utf-8","vary":"X-Origin, Referer, Origin,Accept-Encoding","server":"scaffolding on HTTPServer2","x-xss-protection":"0","x-frame-options":"SAMEORIGIN","x-content-type-options":"nosniff","alt-svc":"h3=\":443\"; ma=2592000,h3-29=\":443\"; ma=2592000,h3-T051=\":443\"; ma=2592000,h3-Q050=\":443\"; ma=2592000,h3-Q046=\":443\"; ma=2592000,h3-Q043=\":443\"; ma=2592000,quic=\":443\"; ma=2592000; v=\"46,43\"","accept-ranges":"none","transfer-encoding":"chunked"}
[debug] [2021-06-26T23:35:40.950Z] >>> [apiv2][query] GET https://firebase.googleapis.com/v1beta1/projects/demo-friendlychat-android [none]
[debug] [2021-06-26T23:35:41.007Z] <<< [apiv2][status] GET https://firebase-public.firebaseio.com/cli.json 200
[debug] [2021-06-26T23:35:41.007Z] <<< [apiv2][body] GET https://firebase-public.firebaseio.com/cli.json {"cloudBuildErrorAfter":1594252800000,"cloudBuildWarnAfter":1590019200000,"defaultNode10After":1594252800000,"minVersion":"3.0.5","node8DeploysDisabledAfter":1613390400000,"node8RuntimeDisabledAfter":1615809600000,"node8WarnAfter":1600128000000}
[debug] [2021-06-26T23:35:41.478Z] <<< [apiv2][status] GET https://firebase.googleapis.com/v1beta1/projects/demo-friendlychat-android 403
[debug] [2021-06-26T23:35:41.478Z] <<< [apiv2][body] GET https://firebase.googleapis.com/v1beta1/projects/demo-friendlychat-android {"error":{"code":403,"message":"The caller does not have permission","status":"PERMISSION_DENIED"}}
[debug] [2021-06-26T23:35:41.479Z] HTTP Error: 403, The caller does not have permission
[debug] [2021-06-26T23:35:41.479Z] Failed to retrieve default database instance: {"name":"FirebaseError","children":[],"exit":2,"message":"Failed to get Firebase project demo-friendlychat-android. Please make sure the project exists and your account has permission to access it.","original":{"name":"FirebaseError","children":[],"context":{"body":{"error":{"code":403,"message":"The caller does not have permission","status":"PERMISSION_DENIED"}},"response":{"statusCode":403}},"exit":1,"message":"HTTP Error: 403, The caller does not have permission","status":403},"status":500} {"metadata":{"emulator":{"name":"database"},"message":"Failed to retrieve default database instance: {\"name\":\"FirebaseError\",\"children\":[],\"exit\":2,\"message\":\"Failed to get Firebase project demo-friendlychat-android. Please make sure the project exists and your account has permission to access it.\",\"original\":{\"name\":\"FirebaseError\",\"children\":[],\"context\":{\"body\":{\"error\":{\"code\":403,\"message\":\"The caller does not have permission\",\"status\":\"PERMISSION_DENIED\"}},\"response\":{\"statusCode\":403}},\"exit\":1,\"message\":\"HTTP Error: 403, The caller does not have permission\",\"status\":403},\"status\":500}"}}
[debug] [2021-06-26T23:35:41.480Z] database rules config:  [{"instance":"demo-friendlychat-android-default-rtdb","rules":"/Volumes/LaCie/CS374_Projects/codelab-friendlychat-android/database.rules.json"}]
[info] i  database: downloading firebase-database-emulator-v4.7.2.jar... {"metadata":{"emulator":{"name":"database"},"message":"downloading firebase-database-emulator-v4.7.2.jar..."}}
[debug] [2021-06-26T23:35:41.487Z] >>> [apiv2][query] GET https://storage.googleapis.com/firebase-preview-drop/emulator/firebase-database-emulator-v4.7.2.jar 
[debug] [2021-06-26T23:35:41.722Z] <<< [apiv2][status] GET https://storage.googleapis.com/firebase-preview-drop/emulator/firebase-database-emulator-v4.7.2.jar 200
[debug] [2021-06-26T23:35:41.722Z] <<< [apiv2][body] GET https://storage.googleapis.com/firebase-preview-drop/emulator/firebase-database-emulator-v4.7.2.jar [stream]
[debug] [2021-06-26T23:35:46.239Z] Ignoring unsupported arg: projectId {"metadata":{"emulator":{"name":"database"},"message":"Ignoring unsupported arg: projectId"}}
[debug] [2021-06-26T23:35:46.240Z] Ignoring unsupported arg: auto_download {"metadata":{"emulator":{"name":"database"},"message":"Ignoring unsupported arg: auto_download"}}
[debug] [2021-06-26T23:35:46.240Z] Ignoring unsupported arg: rules {"metadata":{"emulator":{"name":"database"},"message":"Ignoring unsupported arg: rules"}}
[debug] [2021-06-26T23:35:46.240Z] Starting Database Emulator with command {"binary":"java","args":["-Duser.language=en","-jar","/Users/home/.cache/firebase/emulators/firebase-database-emulator-v4.7.2.jar","--host","localhost","--port",9000],"optionalArgs":["port","host","functions_emulator_port","functions_emulator_host"],"joinArgs":false} {"metadata":{"emulator":{"name":"database"},"message":"Starting Database Emulator with command {\"binary\":\"java\",\"args\":[\"-Duser.language=en\",\"-jar\",\"/Users/home/.cache/firebase/emulators/firebase-database-emulator-v4.7.2.jar\",\"--host\",\"localhost\",\"--port\",9000],\"optionalArgs\":[\"port\",\"host\",\"functions_emulator_port\",\"functions_emulator_host\"],\"joinArgs\":false}"}}
[info] i  database: Database Emulator logging to database-debug.log {"metadata":{"emulator":{"name":"database"},"message":"Database Emulator logging to \u001b[1mdatabase-debug.log\u001b[22m"}}
[debug] [2021-06-26T23:35:47.639Z] WARNING: An illegal reflective access operation has occurred
WARNING: Illegal reflective access by io.netty.util.internal.ReflectionUtil (file:/Users/home/.cache/firebase/emulators/firebase-database-emulator-v4.7.2.jar) to field sun.nio.ch.SelectorImpl.selectedKeys
WARNING: Please consider reporting this to the maintainers of io.netty.util.internal.ReflectionUtil
WARNING: Use --illegal-access=warn to enable warnings of further illegal reflective access operations
WARNING: All illegal access operations will be denied in a future release
 {"metadata":{"emulator":{"name":"database"},"message":"WARNING: An illegal reflective access operation has occurred\nWARNING: Illegal reflective access by io.netty.util.internal.ReflectionUtil (file:/Users/home/.cache/firebase/emulators/firebase-database-emulator-v4.7.2.jar) to field sun.nio.ch.SelectorImpl.selectedKeys\nWARNING: Please consider reporting this to the maintainers of io.netty.util.internal.ReflectionUtil\nWARNING: Use --illegal-access=warn to enable warnings of further illegal reflective access operations\nWARNING: All illegal access operations will be denied in a future release\n"}}
[debug] [2021-06-26T23:35:48.616Z] 19:35:48.615 [NamespaceSystem-akka.actor.default-dispatcher-4] INFO akka.event.slf4j.Slf4jLogger - Slf4jLogger started
 {"metadata":{"emulator":{"name":"database"},"message":"19:35:48.615 [NamespaceSystem-akka.actor.default-dispatcher-4] INFO akka.event.slf4j.Slf4jLogger - Slf4jLogger started\n"}}
[debug] [2021-06-26T23:35:48.787Z] 19:35:48.787 [main] INFO com.firebase.server.forge.App$ - Listening at localhost:9000
 {"metadata":{"emulator":{"name":"database"},"message":"19:35:48.787 [main] INFO com.firebase.server.forge.App$ - Listening at localhost:9000\n"}}
[info] i  storage: downloading cloud-storage-rules-runtime-v1.0.0.jar... {"metadata":{"emulator":{"name":"storage"},"message":"downloading cloud-storage-rules-runtime-v1.0.0.jar..."}}
[debug] [2021-06-26T23:35:51.726Z] >>> [apiv2][query] GET https://storage.googleapis.com/firebase-preview-drop/emulator/cloud-storage-rules-runtime-v1.0.0.jar 
[debug] [2021-06-26T23:35:51.884Z] <<< [apiv2][status] GET https://storage.googleapis.com/firebase-preview-drop/emulator/cloud-storage-rules-runtime-v1.0.0.jar 200
[debug] [2021-06-26T23:35:51.884Z] <<< [apiv2][body] GET https://storage.googleapis.com/firebase-preview-drop/emulator/cloud-storage-rules-runtime-v1.0.0.jar [stream]
[debug] [2021-06-26T23:35:56.265Z] Ignoring unsupported arg: port {"metadata":{"emulator":{"name":"storage"},"message":"Ignoring unsupported arg: port"}}
[debug] [2021-06-26T23:35:56.462Z] Temp file directory for storage emulator: /var/folders/07/5z16513s1pz77tbnm1p77h500000gn/T/firebase/storage/blobs {"metadata":{"emulator":{"name":"storage"},"message":"Temp file directory for storage emulator: /var/folders/07/5z16513s1pz77tbnm1p77h500000gn/T/firebase/storage/blobs"}}
[info] i  ui: downloading ui-v1.5.0.zip... {"metadata":{"emulator":{"name":"ui"},"message":"downloading ui-v1.5.0.zip..."}}
[debug] [2021-06-26T23:35:57.119Z] >>> [apiv2][query] GET https://storage.googleapis.com/firebase-preview-drop/emulator/ui-v1.5.0.zip 
[debug] [2021-06-26T23:35:57.236Z] <<< [apiv2][status] GET https://storage.googleapis.com/firebase-preview-drop/emulator/ui-v1.5.0.zip 200
[debug] [2021-06-26T23:35:57.236Z] <<< [apiv2][body] GET https://storage.googleapis.com/firebase-preview-drop/emulator/ui-v1.5.0.zip [stream]
[debug] [2021-06-26T23:35:58.679Z] Ignoring unsupported arg: auto_download {"metadata":{"emulator":{"name":"ui"},"message":"Ignoring unsupported arg: auto_download"}}
[debug] [2021-06-26T23:35:58.681Z] Ignoring unsupported arg: port {"metadata":{"emulator":{"name":"ui"},"message":"Ignoring unsupported arg: port"}}
[debug] [2021-06-26T23:35:58.681Z] Starting Emulator UI with command {"binary":"node","args":["/Users/home/.cache/firebase/emulators/ui-v1.5.0/server.bundle.js"],"optionalArgs":[],"joinArgs":false} {"metadata":{"emulator":{"name":"ui"},"message":"Starting Emulator UI with command {\"binary\":\"node\",\"args\":[\"/Users/home/.cache/firebase/emulators/ui-v1.5.0/server.bundle.js\"],\"optionalArgs\":[],\"joinArgs\":false}"}}
[info] i  ui: Emulator UI logging to ui-debug.log {"metadata":{"emulator":{"name":"ui"},"message":"Emulator UI logging to \u001b[1mui-debug.log\u001b[22m"}}
[debug] [2021-06-26T23:35:58.777Z] Web / API server started at http://localhost:4000
 {"metadata":{"emulator":{"name":"ui"},"message":"Web / API server started at http://localhost:4000\n"}}
[debug] [2021-06-26T23:35:58.964Z] >>> HTTP REQUEST PUT http://localhost:9000/.settings/rules.json?ns=demo-friendlychat-android-default-rtdb  
 {
  "rules": {
    "messages": {
      ".read": "auth.uid != null",
      ".write": "auth.uid != null"
    }
  }
}

[debug] [2021-06-26T23:35:59.387Z] <<< HTTP RESPONSE 200 {"content-length":"15","content-type":"application/json; charset=utf-8","access-control-allow-origin":"*","cache-control":"no-cache","x-firebase-project-id":"demo-friendlychat-android-default-rtdb","x-firebase-project-number":"123456789","x-firebase-uuid":"97c03cd1-b5a6-4d47-94e1-9014552c24d4"}
[info] 
┌─────────────────────────────────────────────────────────────┐
│ ✔  All emulators ready! It is now safe to connect your app. │
│ i  View Emulator UI at http://localhost:4000                │
└─────────────────────────────────────────────────────────────┘

┌────────────────┬────────────────┬────────────────────────────────┐
│ Emulator       │ Host:Port      │ View in Emulator UI            │
├────────────────┼────────────────┼────────────────────────────────┤
│ Authentication │ localhost:9099 │ http://localhost:4000/auth     │
├────────────────┼────────────────┼────────────────────────────────┤
│ Database       │ localhost:9000 │ http://localhost:4000/database │
├────────────────┼────────────────┼────────────────────────────────┤
│ Storage        │ localhost:9199 │ http://localhost:4000/storage  │
└────────────────┴────────────────┴────────────────────────────────┘
  Emulator Hub running at localhost:4400
  Other reserved ports: 4500

Issues? Report them at https://github.com/firebase/firebase-tools/issues and attach the *-debug.log files.
 
[debug] [2021-06-27T01:01:59.417Z] Received signal SIGHUP 1
[info]  
[info] i  emulators: Received SIGHUP for the first time. Starting a clean shutdown. 
[info] i  emulators: Please wait for a clean shutdown or send the SIGHUP signal again to stop right now. 
[debug] [2021-06-27T01:01:59.424Z] Error: write EIO
    at afterWriteDispatched (node:internal/stream_base_commons:160:15)
    at writeGeneric (node:internal/stream_base_commons:151:3)
    at WriteStream.Socket._writeGeneric (node:net:773:11)
    at WriteStream.Socket._write (node:net:785:8)
    at writeOrBuffer (node:internal/streams/writable:395:12)
    at WriteStream.Writable.write (node:internal/streams/writable:340:10)
    at Console.log (/Users/home/.nvm/versions/node/v15.11.0/lib/node_modules/firebase-tools/node_modules/winston/lib/winston/transports/console.js:79:23)
    at Console._write (/Users/home/.nvm/versions/node/v15.11.0/lib/node_modules/firebase-tools/node_modules/winston-transport/index.js:103:17)
    at doWrite (/Users/home/.nvm/versions/node/v15.11.0/lib/node_modules/firebase-tools/node_modules/winston-transport/node_modules/readable-stream/lib/_stream_writable.js:428:64)
    at writeOrBuffer (/Users/home/.nvm/versions/node/v15.11.0/lib/node_modules/firebase-tools/node_modules/winston-transport/node_modules/readable-stream/lib/_stream_writable.js:417:5)
    at Console.Writable.write (/Users/home/.nvm/versions/node/v15.11.0/lib/node_modules/firebase-tools/node_modules/winston-transport/node_modules/readable-stream/lib/_stream_writable.js:334:11)
    at DerivedLogger.ondata (/Users/home/.nvm/versions/node/v15.11.0/lib/node_modules/firebase-tools/node_modules/readable-stream/lib/_stream_readable.js:681:20)
    at DerivedLogger.emit (node:events:390:22)
    at DerivedLogger.EventEmitter.emit (node:domain:470:12)
    at addChunk (/Users/home/.nvm/versions/node/v15.11.0/lib/node_modules/firebase-tools/node_modules/readable-stream/lib/_stream_readable.js:298:12)
    at readableAddChunk (/Users/home/.nvm/versions/node/v15.11.0/lib/node_modules/firebase-tools/node_modules/readable-stream/lib/_stream_readable.js:280:11)
[error] 
[error] Error: An unexpected error has occurred.
[info] i  emulators: Shutting down emulators. {"metadata":{"emulator":{"name":"hub"},"message":"Shutting down emulators."}}
[info] i  ui: Stopping Emulator UI {"metadata":{"emulator":{"name":"ui"},"message":"Stopping Emulator UI"}}
[warn] ⚠  Emulator UI has exited upon receiving signal: SIGINT 
[info] i  database: Stopping Database Emulator {"metadata":{"emulator":{"name":"database"},"message":"Stopping Database Emulator"}}
[debug] [2021-06-27T01:01:59.438Z] 21:01:59.437 [Thread-0] INFO com.firebase.server.forge.App$ - Attempting graceful shutdown.
 {"metadata":{"emulator":{"name":"database"},"message":"21:01:59.437 [Thread-0] INFO com.firebase.server.forge.App$ - Attempting graceful shutdown.\n"}}
[debug] [2021-06-27T01:01:59.444Z] 21:01:59.444 [NamespaceSystem-akka.actor.default-dispatcher-17] INFO com.firebase.core.namespace.Terminator$Terminator - 2 actors left to terminate: demo-friendlychat-android-default-rtdb, demo-friendlychat-android
 {"metadata":{"emulator":{"name":"database"},"message":"21:01:59.444 [NamespaceSystem-akka.actor.default-dispatcher-17] INFO com.firebase.core.namespace.Terminator$Terminator - 2 actors left to terminate: demo-friendlychat-android-default-rtdb, demo-friendlychat-android\n"}}
[debug] [2021-06-27T01:01:59.449Z] 21:01:59.449 [NamespaceSystem-akka.actor.default-dispatcher-17] INFO com.firebase.core.namespace.NamespaceActor - Stopping namespace actor for demo-friendlychat-android
 {"metadata":{"emulator":{"name":"database"},"message":"21:01:59.449 [NamespaceSystem-akka.actor.default-dispatcher-17] INFO com.firebase.core.namespace.NamespaceActor - Stopping namespace actor for demo-friendlychat-android\n"}}
[debug] [2021-06-27T01:01:59.449Z] 21:01:59.449 [NamespaceSystem-akka.actor.default-dispatcher-14] INFO com.firebase.core.namespace.NamespaceActor - Stopping namespace actor for demo-friendlychat-android-default-rtdb
 {"metadata":{"emulator":{"name":"database"},"message":"21:01:59.449 [NamespaceSystem-akka.actor.default-dispatcher-14] INFO com.firebase.core.namespace.NamespaceActor - Stopping namespace actor for demo-friendlychat-android-default-rtdb\n"}}
[debug] [2021-06-27T01:01:59.450Z] 21:01:59.450 [NamespaceSystem-akka.actor.default-dispatcher-17] INFO com.firebase.core.namespace.NamespaceActor - Gauges removed for demo-friendlychat-android
 {"metadata":{"emulator":{"name":"database"},"message":"21:01:59.450 [NamespaceSystem-akka.actor.default-dispatcher-17] INFO com.firebase.core.namespace.NamespaceActor - Gauges removed for demo-friendlychat-android\n"}}
[debug] [2021-06-27T01:01:59.450Z] 21:01:59.450 [NamespaceSystem-akka.actor.default-dispatcher-14] INFO com.firebase.core.namespace.NamespaceActor - Gauges removed for demo-friendlychat-android-default-rtdb
 {"metadata":{"emulator":{"name":"database"},"message":"21:01:59.450 [NamespaceSystem-akka.actor.default-dispatcher-14] INFO com.firebase.core.namespace.NamespaceActor - Gauges removed for demo-friendlychat-android-default-rtdb\n"}}
[debug] [2021-06-27T01:01:59.454Z] 21:01:59.454 [Thread-0] INFO com.firebase.server.forge.App$ - Graceful shutdown complete.
 {"metadata":{"emulator":{"name":"database"},"message":"21:01:59.454 [Thread-0] INFO com.firebase.server.forge.App$ - Graceful shutdown complete.\n"}}
